********************************************************************************
*                             Initializing Cubiquity                           *
********************************************************************************
[03:08:33, Info   ]: Creating empty voxel database as 'C:/Users/Rune Barrett/Documents/Unity Projects/FishFlock/Assets/StreamingAssets/Cubiquity/VoxelDatabases/17114757.vdb'
[03:19:35, Info   ]: Resizing compressed data buffer to 288486bytes. This should only happen once
[03:20:03, Info   ]: Creating empty voxel database as 'C:/Users/Rune Barrett/Documents/Unity Projects/FishFlock/Assets/StreamingAssets/Cubiquity/VoxelDatabases/38BF52F4.vdb'
[03:22:45, Info   ]: Creating empty voxel database as 'C:/Users/Rune Barrett/Documents/Unity Projects/FishFlock/Assets/StreamingAssets/Cubiquity/VoxelDatabases/7E2FEE3E.vdb'
[03:24:39, Info   ]: Creating voxel database from 'C:/Users/Rune Barrett/Documents/Unity Projects/FishFlock/Assets/StreamingAssets/Cubiquity/VoxelDatabases/7E2FEE3E.vdb'
[03:24:49, Info   ]: Resizing compressed data buffer to 288486bytes. This should only happen once
[03:24:51, Info   ]: Creating voxel database from 'C:/Users/Rune Barrett/Documents/Unity Projects/FishFlock/Assets/StreamingAssets/Cubiquity/VoxelDatabases/7E2FEE3E.vdb'
[03:24:52, Info   ]: Creating voxel database from 'C:/Users/Rune Barrett/Documents/Unity Projects/FishFlock/Assets/StreamingAssets/Cubiquity/VoxelDatabases/7E2FEE3E.vdb'
[03:27:44, Info   ]: Creating empty voxel database as 'C:/Users/Rune Barrett/Documents/Unity Projects/FishFlock/Assets/StreamingAssets/Cubiquity/VoxelDatabases/397E6E13.vdb'
[03:28:00, Info   ]: Creating empty voxel database as 'C:/Users/Rune Barrett/Documents/Unity Projects/FishFlock/Assets/StreamingAssets/Cubiquity/VoxelDatabases/33E69102.vdb'
[03:28:52, Info   ]: Creating empty voxel database as 'C:/Users/Rune Barrett/Documents/Unity Projects/FishFlock/Assets/StreamingAssets/Cubiquity/VoxelDatabases/2665B7DB.vdb'
[03:29:47, Info   ]: Creating empty voxel database as 'C:/Users/Rune Barrett/Documents/Unity Projects/FishFlock/Assets/StreamingAssets/Cubiquity/VoxelDatabases/245FF90F.vdb'
[03:32:36, Info   ]: Resizing compressed data buffer to 288486bytes. This should only happen once
[03:32:36, Info   ]: Resizing compressed data buffer to 288486bytes. This should only happen once
[03:33:36, Info   ]: Resizing compressed data buffer to 288486bytes. This should only happen once
[03:33:36, Info   ]: Resizing compressed data buffer to 288486bytes. This should only happen once
[03:33:38, Info   ]: Creating voxel database from 'C:/Users/Rune Barrett/Documents/Unity Projects/FishFlock/Assets/StreamingAssets/Cubiquity/VoxelDatabases/245FF90F.vdb'
[03:34:01, Info   ]: Creating voxel database from 'C:/Users/Rune Barrett/Documents/Unity Projects/FishFlock/Assets/StreamingAssets/Cubiquity/VoxelDatabases/245FF90F.vdb'
[03:40:27, Info   ]: Resizing compressed data buffer to 288486bytes. This should only happen once
[03:40:28, Info   ]: Creating voxel database from 'C:/Users/Rune Barrett/Documents/Unity Projects/FishFlock/Assets/StreamingAssets/Cubiquity/VoxelDatabases/245FF90F.vdb'
[03:40:43, Info   ]: Creating voxel database from 'C:/Users/Rune Barrett/Documents/Unity Projects/FishFlock/Assets/StreamingAssets/Cubiquity/VoxelDatabases/245FF90F.vdb'
[03:43:57, Info   ]: Resizing compressed data buffer to 288486bytes. This should only happen once
[03:43:59, Info   ]: Creating voxel database from 'C:/Users/Rune Barrett/Documents/Unity Projects/FishFlock/Assets/StreamingAssets/Cubiquity/VoxelDatabases/245FF90F.vdb'
[03:45:16, Info   ]: Creating voxel database from 'C:/Users/Rune Barrett/Documents/Unity Projects/FishFlock/Assets/StreamingAssets/Cubiquity/VoxelDatabases/245FF90F.vdb'
[03:45:38, Info   ]: Creating voxel database from 'C:/Users/Rune Barrett/Documents/Unity Projects/FishFlock/Assets/StreamingAssets/Cubiquity/VoxelDatabases/245FF90F.vdb'
[03:46:05, Info   ]: Creating voxel database from 'C:/Users/Rune Barrett/Documents/Unity Projects/FishFlock/Assets/StreamingAssets/Cubiquity/VoxelDatabases/245FF90F.vdb'
[03:51:44, Info   ]: Resizing compressed data buffer to 288486bytes. This should only happen once
[03:51:45, Info   ]: Creating voxel database from 'C:/Users/Rune Barrett/Documents/Unity Projects/FishFlock/Assets/StreamingAssets/Cubiquity/VoxelDatabases/245FF90F.vdb'
[03:52:06, Info   ]: Creating voxel database from 'C:/Users/Rune Barrett/Documents/Unity Projects/FishFlock/Assets/StreamingAssets/Cubiquity/VoxelDatabases/245FF90F.vdb'
[03:53:18, Info   ]: Creating voxel database from 'C:/Users/Rune Barrett/Documents/Unity Projects/FishFlock/Assets/StreamingAssets/Cubiquity/VoxelDatabases/245FF90F.vdb'
[03:54:33, Info   ]: Creating voxel database from 'C:/Users/Rune Barrett/Documents/Unity Projects/FishFlock/Assets/StreamingAssets/Cubiquity/VoxelDatabases/245FF90F.vdb'
[03:54:43, Info   ]: Creating voxel database from 'C:/Users/Rune Barrett/Documents/Unity Projects/FishFlock/Assets/StreamingAssets/Cubiquity/VoxelDatabases/245FF90F.vdb'
[03:55:04, Info   ]: Creating voxel database from 'C:/Users/Rune Barrett/Documents/Unity Projects/FishFlock/Assets/StreamingAssets/Cubiquity/VoxelDatabases/245FF90F.vdb'
[03:55:33, Info   ]: Creating voxel database from 'C:/Users/Rune Barrett/Documents/Unity Projects/FishFlock/Assets/StreamingAssets/Cubiquity/VoxelDatabases/245FF90F.vdb'
[03:55:42, Info   ]: Creating voxel database from 'C:/Users/Rune Barrett/Documents/Unity Projects/FishFlock/Assets/StreamingAssets/Cubiquity/VoxelDatabases/245FF90F.vdb'
[03:56:11, Info   ]: Creating voxel database from 'C:/Users/Rune Barrett/Documents/Unity Projects/FishFlock/Assets/StreamingAssets/Cubiquity/VoxelDatabases/245FF90F.vdb'
[03:56:43, Info   ]: Creating voxel database from 'C:/Users/Rune Barrett/Documents/Unity Projects/FishFlock/Assets/StreamingAssets/Cubiquity/VoxelDatabases/245FF90F.vdb'
[03:57:46, Info   ]: Creating voxel database from 'C:/Users/Rune Barrett/Documents/Unity Projects/FishFlock/Assets/StreamingAssets/Cubiquity/VoxelDatabases/245FF90F.vdb'
[03:58:05, Info   ]: Creating voxel database from 'C:/Users/Rune Barrett/Documents/Unity Projects/FishFlock/Assets/StreamingAssets/Cubiquity/VoxelDatabases/245FF90F.vdb'
[03:58:20, Info   ]: Creating voxel database from 'C:/Users/Rune Barrett/Documents/Unity Projects/FishFlock/Assets/StreamingAssets/Cubiquity/VoxelDatabases/245FF90F.vdb'
[03:59:04, Info   ]: Creating voxel database from 'C:/Users/Rune Barrett/Documents/Unity Projects/FishFlock/Assets/StreamingAssets/Cubiquity/VoxelDatabases/245FF90F.vdb'
[04:00:42, Info   ]: Creating voxel database from 'C:/Users/Rune Barrett/Documents/Unity Projects/FishFlock/Assets/StreamingAssets/Cubiquity/VoxelDatabases/245FF90F.vdb'
[04:01:48, Info   ]: Creating voxel database from 'C:/Users/Rune Barrett/Documents/Unity Projects/FishFlock/Assets/StreamingAssets/Cubiquity/VoxelDatabases/245FF90F.vdb'
[04:01:56, Info   ]: Creating voxel database from 'C:/Users/Rune Barrett/Documents/Unity Projects/FishFlock/Assets/StreamingAssets/Cubiquity/VoxelDatabases/245FF90F.vdb'
[04:02:49, Info   ]: Creating voxel database from 'C:/Users/Rune Barrett/Documents/Unity Projects/FishFlock/Assets/StreamingAssets/Cubiquity/VoxelDatabases/245FF90F.vdb'
[04:04:44, Info   ]: Creating voxel database from 'C:/Users/Rune Barrett/Documents/Unity Projects/FishFlock/Assets/StreamingAssets/Cubiquity/VoxelDatabases/245FF90F.vdb'
[04:05:15, Info   ]: Creating voxel database from 'C:/Users/Rune Barrett/Documents/Unity Projects/FishFlock/Assets/StreamingAssets/Cubiquity/VoxelDatabases/245FF90F.vdb'
[04:07:08, Info   ]: Creating voxel database from 'C:/Users/Rune Barrett/Documents/Unity Projects/FishFlock/Assets/StreamingAssets/Cubiquity/VoxelDatabases/245FF90F.vdb'
[04:07:15, Info   ]: Creating voxel database from 'C:/Users/Rune Barrett/Documents/Unity Projects/FishFlock/Assets/StreamingAssets/Cubiquity/VoxelDatabases/245FF90F.vdb'
[04:07:32, Info   ]: Creating voxel database from 'C:/Users/Rune Barrett/Documents/Unity Projects/FishFlock/Assets/StreamingAssets/Cubiquity/VoxelDatabases/245FF90F.vdb'
[04:08:12, Info   ]: Creating voxel database from 'C:/Users/Rune Barrett/Documents/Unity Projects/FishFlock/Assets/StreamingAssets/Cubiquity/VoxelDatabases/245FF90F.vdb'
[04:08:32, Info   ]: Creating voxel database from 'C:/Users/Rune Barrett/Documents/Unity Projects/FishFlock/Assets/StreamingAssets/Cubiquity/VoxelDatabases/245FF90F.vdb'
[04:08:36, Info   ]: Creating voxel database from 'C:/Users/Rune Barrett/Documents/Unity Projects/FishFlock/Assets/StreamingAssets/Cubiquity/VoxelDatabases/245FF90F.vdb'
[04:35:54, Info   ]: Creating voxel database from 'C:/Users/Rune Barrett/Documents/Unity Projects/FishFlock/Assets/StreamingAssets/Cubiquity/VoxelDatabases/245FF90F.vdb'
[04:36:02, Info   ]: Creating voxel database from 'C:/Users/Rune Barrett/Documents/Unity Projects/FishFlock/Assets/StreamingAssets/Cubiquity/VoxelDatabases/245FF90F.vdb'
[04:36:11, Info   ]: Creating voxel database from 'C:/Users/Rune Barrett/Documents/Unity Projects/FishFlock/Assets/StreamingAssets/Cubiquity/VoxelDatabases/245FF90F.vdb'
[04:36:35, Info   ]: Creating voxel database from 'C:/Users/Rune Barrett/Documents/Unity Projects/FishFlock/Assets/StreamingAssets/Cubiquity/VoxelDatabases/245FF90F.vdb'
[04:36:45, Info   ]: Creating voxel database from 'C:/Users/Rune Barrett/Documents/Unity Projects/FishFlock/Assets/StreamingAssets/Cubiquity/VoxelDatabases/245FF90F.vdb'
[04:36:52, Info   ]: Creating voxel database from 'C:/Users/Rune Barrett/Documents/Unity Projects/FishFlock/Assets/StreamingAssets/Cubiquity/VoxelDatabases/245FF90F.vdb'
[04:37:51, Info   ]: Creating voxel database from 'C:/Users/Rune Barrett/Documents/Unity Projects/FishFlock/Assets/StreamingAssets/Cubiquity/VoxelDatabases/245FF90F.vdb'
[04:37:53, Info   ]: Creating voxel database from 'C:/Users/Rune Barrett/Documents/Unity Projects/FishFlock/Assets/StreamingAssets/Cubiquity/VoxelDatabases/245FF90F.vdb'
[04:37:59, Info   ]: Creating voxel database from 'C:/Users/Rune Barrett/Documents/Unity Projects/FishFlock/Assets/StreamingAssets/Cubiquity/VoxelDatabases/245FF90F.vdb'
[04:41:34, Info   ]: Creating voxel database from 'C:/Users/Rune Barrett/Documents/Unity Projects/FishFlock/Assets/StreamingAssets/Cubiquity/VoxelDatabases/245FF90F.vdb'
[04:41:36, Info   ]: Creating voxel database from 'C:/Users/Rune Barrett/Documents/Unity Projects/FishFlock/Assets/StreamingAssets/Cubiquity/VoxelDatabases/245FF90F.vdb'
[04:45:47, Info   ]: Creating voxel database from 'C:/Users/Rune Barrett/Documents/Unity Projects/FishFlock/Assets/StreamingAssets/Cubiquity/VoxelDatabases/245FF90F.vdb'
[04:45:54, Info   ]: Creating voxel database from 'C:/Users/Rune Barrett/Documents/Unity Projects/FishFlock/Assets/StreamingAssets/Cubiquity/VoxelDatabases/245FF90F.vdb'
[04:46:00, Info   ]: Creating voxel database from 'C:/Users/Rune Barrett/Documents/Unity Projects/FishFlock/Assets/StreamingAssets/Cubiquity/VoxelDatabases/245FF90F.vdb'
[04:46:06, Info   ]: Creating voxel database from 'C:/Users/Rune Barrett/Documents/Unity Projects/FishFlock/Assets/StreamingAssets/Cubiquity/VoxelDatabases/245FF90F.vdb'
[04:47:08, Info   ]: Creating voxel database from 'C:/Users/Rune Barrett/Documents/Unity Projects/FishFlock/Assets/StreamingAssets/Cubiquity/VoxelDatabases/245FF90F.vdb'
[04:47:11, Info   ]: Creating voxel database from 'C:/Users/Rune Barrett/Documents/Unity Projects/FishFlock/Assets/StreamingAssets/Cubiquity/VoxelDatabases/245FF90F.vdb'
[04:47:17, Info   ]: Creating voxel database from 'C:/Users/Rune Barrett/Documents/Unity Projects/FishFlock/Assets/StreamingAssets/Cubiquity/VoxelDatabases/245FF90F.vdb'
[04:49:00, Info   ]: Creating voxel database from 'C:/Users/Rune Barrett/Documents/Unity Projects/FishFlock/Assets/StreamingAssets/Cubiquity/VoxelDatabases/245FF90F.vdb'
[04:49:31, Info   ]: Creating voxel database from 'C:/Users/Rune Barrett/Documents/Unity Projects/FishFlock/Assets/StreamingAssets/Cubiquity/VoxelDatabases/245FF90F.vdb'
[04:50:20, Info   ]: Creating voxel database from 'C:/Users/Rune Barrett/Documents/Unity Projects/FishFlock/Assets/StreamingAssets/Cubiquity/VoxelDatabases/245FF90F.vdb'
[04:50:24, Info   ]: Creating voxel database from 'C:/Users/Rune Barrett/Documents/Unity Projects/FishFlock/Assets/StreamingAssets/Cubiquity/VoxelDatabases/245FF90F.vdb'
[04:55:35, Info   ]: Creating voxel database from 'C:/Users/Rune Barrett/Documents/Unity Projects/FishFlock/Assets/StreamingAssets/Cubiquity/VoxelDatabases/245FF90F.vdb'
[04:55:38, Info   ]: Creating voxel database from 'C:/Users/Rune Barrett/Documents/Unity Projects/FishFlock/Assets/StreamingAssets/Cubiquity/VoxelDatabases/245FF90F.vdb'
[04:55:48, Info   ]: Creating voxel database from 'C:/Users/Rune Barrett/Documents/Unity Projects/FishFlock/Assets/StreamingAssets/Cubiquity/VoxelDatabases/245FF90F.vdb'
[04:56:00, Info   ]: Creating voxel database from 'C:/Users/Rune Barrett/Documents/Unity Projects/FishFlock/Assets/StreamingAssets/Cubiquity/VoxelDatabases/245FF90F.vdb'
[04:56:23, Info   ]: Creating voxel database from 'C:/Users/Rune Barrett/Documents/Unity Projects/FishFlock/Assets/StreamingAssets/Cubiquity/VoxelDatabases/245FF90F.vdb'
[04:56:35, Info   ]: Creating voxel database from 'C:/Users/Rune Barrett/Documents/Unity Projects/FishFlock/Assets/StreamingAssets/Cubiquity/VoxelDatabases/245FF90F.vdb'
[04:57:01, Info   ]: Creating voxel database from 'C:/Users/Rune Barrett/Documents/Unity Projects/FishFlock/Assets/StreamingAssets/Cubiquity/VoxelDatabases/245FF90F.vdb'
[04:57:15, Info   ]: Creating voxel database from 'C:/Users/Rune Barrett/Documents/Unity Projects/FishFlock/Assets/StreamingAssets/Cubiquity/VoxelDatabases/245FF90F.vdb'
[04:57:24, Info   ]: Creating voxel database from 'C:/Users/Rune Barrett/Documents/Unity Projects/FishFlock/Assets/StreamingAssets/Cubiquity/VoxelDatabases/245FF90F.vdb'
[05:06:57, Info   ]: Creating voxel database from 'C:/Users/Rune Barrett/Documents/Unity Projects/FishFlock/Assets/StreamingAssets/Cubiquity/VoxelDatabases/245FF90F.vdb'
[05:07:23, Info   ]: Creating voxel database from 'C:/Users/Rune Barrett/Documents/Unity Projects/FishFlock/Assets/StreamingAssets/Cubiquity/VoxelDatabases/245FF90F.vdb'
[05:07:35, Info   ]: Creating voxel database from 'C:/Users/Rune Barrett/Documents/Unity Projects/FishFlock/Assets/StreamingAssets/Cubiquity/VoxelDatabases/245FF90F.vdb'
[05:08:06, Info   ]: Creating voxel database from 'C:/Users/Rune Barrett/Documents/Unity Projects/FishFlock/Assets/StreamingAssets/Cubiquity/VoxelDatabases/245FF90F.vdb'
[05:09:10, Info   ]: Creating voxel database from 'C:/Users/Rune Barrett/Documents/Unity Projects/FishFlock/Assets/StreamingAssets/Cubiquity/VoxelDatabases/245FF90F.vdb'
[05:09:25, Info   ]: Creating voxel database from 'C:/Users/Rune Barrett/Documents/Unity Projects/FishFlock/Assets/StreamingAssets/Cubiquity/VoxelDatabases/245FF90F.vdb'
[05:09:47, Info   ]: Creating voxel database from 'C:/Users/Rune Barrett/Documents/Unity Projects/FishFlock/Assets/StreamingAssets/Cubiquity/VoxelDatabases/245FF90F.vdb'
[05:10:20, Info   ]: Creating voxel database from 'C:/Users/Rune Barrett/Documents/Unity Projects/FishFlock/Assets/StreamingAssets/Cubiquity/VoxelDatabases/245FF90F.vdb'
[05:10:54, Info   ]: Creating voxel database from 'C:/Users/Rune Barrett/Documents/Unity Projects/FishFlock/Assets/StreamingAssets/Cubiquity/VoxelDatabases/245FF90F.vdb'
[05:11:26, Info   ]: Creating voxel database from 'C:/Users/Rune Barrett/Documents/Unity Projects/FishFlock/Assets/StreamingAssets/Cubiquity/VoxelDatabases/245FF90F.vdb'
[05:11:36, Info   ]: Creating voxel database from 'C:/Users/Rune Barrett/Documents/Unity Projects/FishFlock/Assets/StreamingAssets/Cubiquity/VoxelDatabases/245FF90F.vdb'
[05:11:40, Info   ]: Creating voxel database from 'C:/Users/Rune Barrett/Documents/Unity Projects/FishFlock/Assets/StreamingAssets/Cubiquity/VoxelDatabases/245FF90F.vdb'
[05:11:52, Info   ]: Creating voxel database from 'C:/Users/Rune Barrett/Documents/Unity Projects/FishFlock/Assets/StreamingAssets/Cubiquity/VoxelDatabases/245FF90F.vdb'
[05:12:02, Info   ]: Creating voxel database from 'C:/Users/Rune Barrett/Documents/Unity Projects/FishFlock/Assets/StreamingAssets/Cubiquity/VoxelDatabases/245FF90F.vdb'
[05:12:12, Info   ]: Creating voxel database from 'C:/Users/Rune Barrett/Documents/Unity Projects/FishFlock/Assets/StreamingAssets/Cubiquity/VoxelDatabases/245FF90F.vdb'
[05:12:51, Info   ]: Creating voxel database from 'C:/Users/Rune Barrett/Documents/Unity Projects/FishFlock/Assets/StreamingAssets/Cubiquity/VoxelDatabases/245FF90F.vdb'
[05:22:50, Info   ]: Creating voxel database from 'C:/Users/Rune Barrett/Documents/Unity Projects/FishFlock/Assets/StreamingAssets/Cubiquity/VoxelDatabases/245FF90F.vdb'
[05:22:52, Info   ]: Creating voxel database from 'C:/Users/Rune Barrett/Documents/Unity Projects/FishFlock/Assets/StreamingAssets/Cubiquity/VoxelDatabases/245FF90F.vdb'
[12:01:44, Info   ]: Creating voxel database from 'C:/Users/Rune Barrett/Documents/Unity Projects/FishFlock/Assets/StreamingAssets/Cubiquity/VoxelDatabases/245FF90F.vdb'
[13:19:15, Info   ]: Creating voxel database from 'C:/Users/Rune Barrett/Documents/Unity Projects/FishFlock/Assets/StreamingAssets/Cubiquity/VoxelDatabases/245FF90F.vdb'
[13:39:56, Info   ]: Creating voxel database from 'C:/Users/Rune Barrett/Documents/Unity Projects/FishFlock/Assets/StreamingAssets/Cubiquity/VoxelDatabases/245FF90F.vdb'
[14:07:14, Info   ]: Creating voxel database from 'C:/Users/Rune Barrett/Documents/Unity Projects/FishFlock/Assets/StreamingAssets/Cubiquity/VoxelDatabases/245FF90F.vdb'
[14:08:21, Info   ]: Creating voxel database from 'C:/Users/Rune Barrett/Documents/Unity Projects/FishFlock/Assets/StreamingAssets/Cubiquity/VoxelDatabases/245FF90F.vdb'
[14:09:51, Info   ]: Creating voxel database from 'C:/Users/Rune Barrett/Documents/Unity Projects/FishFlock/Assets/StreamingAssets/Cubiquity/VoxelDatabases/245FF90F.vdb'
[14:10:58, Info   ]: Creating voxel database from 'C:/Users/Rune Barrett/Documents/Unity Projects/FishFlock/Assets/StreamingAssets/Cubiquity/VoxelDatabases/245FF90F.vdb'
[14:11:09, Info   ]: Creating voxel database from 'C:/Users/Rune Barrett/Documents/Unity Projects/FishFlock/Assets/StreamingAssets/Cubiquity/VoxelDatabases/245FF90F.vdb'
[14:12:54, Info   ]: Creating voxel database from 'C:/Users/Rune Barrett/Documents/Unity Projects/FishFlock/Assets/StreamingAssets/Cubiquity/VoxelDatabases/245FF90F.vdb'
[14:12:55, Info   ]: Creating voxel database from 'C:/Users/Rune Barrett/Documents/Unity Projects/FishFlock/Assets/StreamingAssets/Cubiquity/VoxelDatabases/245FF90F.vdb'
[14:13:01, Info   ]: Creating voxel database from 'C:/Users/Rune Barrett/Documents/Unity Projects/FishFlock/Assets/StreamingAssets/Cubiquity/VoxelDatabases/245FF90F.vdb'
